<?xml version="1.0" encoding="UTF-8"?>
<testng-results total="2" passed="1" failed="1" skipped="0">
  <reporter-output>
  </reporter-output>
  <suite started-at="2023-10-15T00:28:16Z" name="Parallel Test Suite" finished-at="2023-10-15T00:28:52Z" duration-ms="36244">
    <groups>
    </groups>
    <test started-at="2023-10-15T00:28:16Z" name="Chrome Test" finished-at="2023-10-15T00:28:28Z" duration-ms="12696">
      <class name="BaseLambda.ScenarioDemo">
        <test-method is-config="true" signature="SetUp(java.lang.String, java.lang.String, java.lang.String)[pri:0, instance:BaseLambda.ScenarioDemo@7c37508a]" started-at="2023-10-14T20:28:16Z" name="SetUp" finished-at="2023-10-14T20:28:22Z" duration-ms="6903" status="PASS">
          <params>
            <param index="0">
              <value>
                <![CDATA[chrome]]>
              </value>
            </param>
            <param index="1">
              <value>
                <![CDATA[119.0]]>
              </value>
            </param>
            <param index="2">
              <value>
                <![CDATA[Windows 10]]>
              </value>
            </param>
          </params>
          <reporter-output>
          </reporter-output>
        </test-method> <!-- SetUp -->
        <test-method signature="InputFormSubmit()[pri:0, instance:BaseLambda.ScenarioDemo@7c37508a]" started-at="2023-10-14T20:28:22Z" name="InputFormSubmit" finished-at="2023-10-14T20:28:28Z" duration-ms="5626" status="PASS">
          <reporter-output>
          </reporter-output>
        </test-method> <!-- InputFormSubmit -->
        <test-method is-config="true" signature="driverSetup()[pri:0, instance:BaseLambda.ScenarioDemo@7c37508a]" started-at="2023-10-14T20:28:28Z" name="driverSetup" finished-at="2023-10-14T20:28:28Z" duration-ms="149" status="PASS">
          <reporter-output>
          </reporter-output>
        </test-method> <!-- driverSetup -->
      </class> <!-- BaseLambda.ScenarioDemo -->
    </test> <!-- Chrome Test -->
    <test started-at="2023-10-15T00:28:28Z" name="Safari Test" finished-at="2023-10-15T00:28:52Z" duration-ms="23534">
      <class name="BaseLambda.ScenarioDemo">
        <test-method is-config="true" signature="SetUp(java.lang.String, java.lang.String, java.lang.String)[pri:0, instance:BaseLambda.ScenarioDemo@4a8355dd]" started-at="2023-10-14T20:28:28Z" name="SetUp" finished-at="2023-10-14T20:28:47Z" duration-ms="18607" status="PASS">
          <params>
            <param index="0">
              <value>
                <![CDATA[safari]]>
              </value>
            </param>
            <param index="1">
              <value>
                <![CDATA[16.0]]>
              </value>
            </param>
            <param index="2">
              <value>
                <![CDATA[macOS Ventura]]>
              </value>
            </param>
          </params>
          <reporter-output>
          </reporter-output>
        </test-method> <!-- SetUp -->
        <test-method signature="InputFormSubmit()[pri:0, instance:BaseLambda.ScenarioDemo@4a8355dd]" started-at="2023-10-14T20:28:47Z" name="InputFormSubmit" finished-at="2023-10-14T20:28:52Z" duration-ms="4788" status="FAIL">
          <exception class="java.lang.AssertionError">
            <message>
              <![CDATA[expected [Please fill out this field.] but found [Fill out this field]]]>
            </message>
            <full-stacktrace>
              <![CDATA[java.lang.AssertionError: expected [Please fill out this field.] but found [Fill out this field]
	at org.testng.Assert.fail(Assert.java:94)
	at org.testng.Assert.failNotEquals(Assert.java:513)
	at org.testng.Assert.assertEqualsImpl(Assert.java:135)
	at org.testng.Assert.assertEquals(Assert.java:116)
	at org.testng.Assert.assertEquals(Assert.java:190)
	at org.testng.Assert.assertEquals(Assert.java:200)
	at BaseLambda.ScenarioDemo.InputFormSubmit(ScenarioDemo.java:146)
	at java.base/jdk.internal.reflect.NativeMethodAccessorImpl.invoke0(Native Method)
	at java.base/jdk.internal.reflect.NativeMethodAccessorImpl.invoke(NativeMethodAccessorImpl.java:77)
	at java.base/jdk.internal.reflect.DelegatingMethodAccessorImpl.invoke(DelegatingMethodAccessorImpl.java:43)
	at java.base/java.lang.reflect.Method.invoke(Method.java:568)
	at org.testng.internal.MethodInvocationHelper.invokeMethod(MethodInvocationHelper.java:86)
	at org.testng.internal.Invoker.invokeMethod(Invoker.java:643)
	at org.testng.internal.Invoker.invokeTestMethod(Invoker.java:820)
	at org.testng.internal.Invoker.invokeTestMethods(Invoker.java:1128)
	at org.testng.internal.TestMethodWorker.invokeTestMethods(TestMethodWorker.java:129)
	at org.testng.internal.TestMethodWorker.run(TestMethodWorker.java:112)
	at java.base/java.util.concurrent.ThreadPoolExecutor.runWorker(ThreadPoolExecutor.java:1136)
	at java.base/java.util.concurrent.ThreadPoolExecutor$Worker.run(ThreadPoolExecutor.java:635)
	at java.base/java.lang.Thread.run(Thread.java:833)
]]>
            </full-stacktrace>
          </exception> <!-- java.lang.AssertionError -->
          <reporter-output>
          </reporter-output>
        </test-method> <!-- InputFormSubmit -->
        <test-method is-config="true" signature="driverSetup()[pri:0, instance:BaseLambda.ScenarioDemo@4a8355dd]" started-at="2023-10-14T20:28:52Z" name="driverSetup" finished-at="2023-10-14T20:28:52Z" duration-ms="132" status="PASS">
          <reporter-output>
          </reporter-output>
        </test-method> <!-- driverSetup -->
      </class> <!-- BaseLambda.ScenarioDemo -->
    </test> <!-- Safari Test -->
  </suite> <!-- Parallel Test Suite -->
</testng-results>
